<?xml version="1.0" encoding="UTF-8"?>
<!-- Generated by org.testng.reporters.JUnitReportReporter -->
<testsuite hostname="Shuvekshya" failures="0" tests="2" name="automation_project_final.user_authenticationPage" time="3.479" errors="0" timestamp="2024-07-04T16:19:34 NPT" skipped="0">
  <testcase classname="automation_project_final.user_authenticationPage" name="Register" time="2.033"/>
  <system-out/>
  <testcase classname="automation_project_final.user_authenticationPage" name="login" time="1.446"/>
  <system-out/>
</testsuite> <!-- automation_project_final.user_authenticationPage -->
