<?xml version="1.0" encoding="UTF-8"?>
<!-- Generated by org.testng.reporters.JUnitReportReporter -->
<testsuite hostname="Shuvekshya" failures="0" tests="16" name="automation_project_final.admin_dashboard" time="49.023" errors="0" timestamp="2024-07-10T17:30:37 NPT" skipped="0">
  <testcase classname="automation_project_final.admin_dashboard" name="Register" time="1.815"/>
  <system-out/>
  <testcase classname="automation_project_final.admin_dashboard" name="login" time="2.047"/>
  <system-out/>
  <testcase classname="automation_project_final.admin_dashboard" name="view_items" time="5.949"/>
  <system-out/>
  <testcase classname="automation_project_final.admin_dashboard" name="addtocart_single" time="4.308"/>
  <system-out/>
  <testcase classname="automation_project_final.admin_dashboard" name="addtocart_multiple" time="9.617"/>
  <system-out/>
  <testcase classname="automation_project_final.admin_dashboard" name="checkout" time="3.918"/>
  <system-out/>
  <testcase classname="automation_project_final.admin_dashboard" name="Myorders" time="2.909"/>
  <system-out/>
  <testcase classname="automation_project_final.admin_dashboard" name="search_exist" time="5.133"/>
  <system-out/>
  <testcase classname="automation_project_final.admin_dashboard" name="search_not_exist" time="3.914"/>
  <system-out/>
  <testcase classname="automation_project_final.admin_dashboard" name="logout" time="1.058"/>
  <system-out/>
  <testcase classname="automation_project_final.admin_dashboard" name="login_admin" time="1.383"/>
  <system-out/>
  <testcase classname="automation_project_final.admin_dashboard" name="processOrder" time="1.408"/>
  <system-out/>
  <testcase classname="automation_project_final.admin_dashboard" name="Addcat" time="1.122"/>
  <system-out/>
  <testcase classname="automation_project_final.admin_dashboard" name="Adddog" time="1.526"/>
  <system-out/>
  <testcase classname="automation_project_final.admin_dashboard" name="Addfish" time="1.566"/>
  <system-out/>
  <testcase classname="automation_project_final.admin_dashboard" name="viewCompletedorders" time="1.350"/>
  <system-out/>
</testsuite> <!-- automation_project_final.admin_dashboard -->
