<?xml version="1.0" encoding="UTF-8"?>
<!-- Generated by org.testng.reporters.JUnitReportReporter -->
<testsuite hostname="Shuvekshya" failures="0" tests="1" name="automation_project_final.LoginPage" time="0.940" errors="0" timestamp="2024-06-25T15:57:49 NPT" skipped="0">
  <testcase classname="automation_project_final.LoginPage" name="login" time="0.940"/>
  <system-out/>
</testsuite> <!-- automation_project_final.LoginPage -->
