<?xml version="1.0" encoding="UTF-8"?>
<!-- Generated by org.testng.reporters.JUnitReportReporter -->
<testsuite hostname="Shuvekshya" failures="0" tests="1" name="automation_project_final.setup" time="1.817" errors="0" timestamp="2024-06-25T11:37:32 NPT" skipped="0">
  <testcase classname="automation_project_final.setup" name="loginUser" time="1.817"/>
  <system-out/>
</testsuite> <!-- automation_project_final.setup -->
