<?xml version="1.0" encoding="UTF-8"?>
<!-- Generated by org.testng.reporters.JUnitReportReporter -->
<testsuite hostname="Shuvekshya" failures="0" tests="10" name="automation_project_final.user_dashboard" time="23.410" errors="0" timestamp="2024-07-10T17:10:32 NPT" skipped="0">
  <testcase classname="automation_project_final.user_dashboard" name="Register" time="1.070"/>
  <system-out/>
  <testcase classname="automation_project_final.user_dashboard" name="login" time="1.018"/>
  <system-out/>
  <testcase classname="automation_project_final.user_dashboard" name="view_items" time="3.648"/>
  <system-out/>
  <testcase classname="automation_project_final.user_dashboard" name="addtocart_single" time="3.201"/>
  <system-out/>
  <testcase classname="automation_project_final.user_dashboard" name="addtocart_multiple" time="5.050"/>
  <system-out/>
  <testcase classname="automation_project_final.user_dashboard" name="checkout" time="2.342"/>
  <system-out/>
  <testcase classname="automation_project_final.user_dashboard" name="Myorders" time="1.346"/>
  <system-out/>
  <testcase classname="automation_project_final.user_dashboard" name="search_exist" time="2.875"/>
  <system-out/>
  <testcase classname="automation_project_final.user_dashboard" name="search_not_exist" time="2.355"/>
  <system-out/>
  <testcase classname="automation_project_final.user_dashboard" name="logout" time="0.505"/>
  <system-out/>
</testsuite> <!-- automation_project_final.user_dashboard -->
